SF:lib/src/features/controllers/list_controller.dart
DA:13,1
DA:15,1
DA:16,2
DA:19,0
DA:21,0
DA:23,0
DA:27,1
DA:29,2
DA:30,4
DA:31,1
DA:32,1
DA:33,3
DA:36,2
DA:41,1
DA:43,2
DA:44,2
DA:46,1
DA:47,3
DA:50,2
LF:19
LH:16
end_of_record
SF:lib/src/features/domain/list_model.dart
DA:8,1
DA:10,1
DA:11,2
DA:12,2
DA:13,2
DA:14,2
DA:17,0
DA:18,0
DA:19,0
DA:20,0
DA:21,0
DA:22,0
DA:26,0
DA:28,0
DA:31,1
DA:36,3
DA:37,3
DA:38,3
DA:39,3
DA:42,0
DA:44,0
DA:45,0
DA:46,0
DA:47,0
LF:24
LH:11
end_of_record
SF:lib/src/utils/network/api_base_helper.dart
DA:11,0
DA:14,0
DA:21,0
DA:22,0
DA:23,0
DA:25,0
DA:27,0
DA:28,0
DA:30,0
DA:31,0
LF:10
LH:0
end_of_record
SF:lib/src/features/data/list_repository.dart
DA:9,1
DA:12,2
DA:13,1
DA:14,1
DA:15,5
DA:19,1
DA:25,1
DA:27,1
DA:28,2
DA:29,1
DA:30,1
DA:31,1
DA:34,1
LF:13
LH:13
end_of_record
